2024-11-09 14:29:21 - Authentication completed for random.jpg with 1 matches and 3 non-matches.
2024-11-09 14:29:21 - Executed authenticate_face in 0.0345 seconds
2024-11-09 14:32:11 - Stored embedding for Obama from obama-1080p.jpg
2024-11-09 14:32:11 - Executed store_face_embedding in 0.7504 seconds
2024-11-09 14:32:21 - Stored embedding for Obama from obama-240p.jpg
2024-11-09 14:32:21 - Executed store_face_embedding in 0.1076 seconds
2024-11-09 14:32:32 - Stored embedding for Obama from obama-720p.jpg
2024-11-09 14:32:32 - Executed store_face_embedding in 0.4140 seconds
2024-11-09 14:33:46 - Authentication completed for random.jpg with 0 matches and 3 non-matches.
2024-11-09 14:33:46 - Executed authenticate_face in 0.9599 seconds
2024-11-09 14:34:02 - Authentication completed for obama.jpg with 3 matches and 0 non-matches.
2024-11-09 14:34:02 - Executed authenticate_face in 7.8704 seconds
2024-11-09 15:09:42 - Authentication completed for random.jpg with 0 matches and 3 non-matches.
2024-11-09 15:09:42 - Executed authenticate_face in 0.1006 seconds
2024-11-09 15:09:59 - Stored embedding for Random from random.jpg
2024-11-09 15:09:59 - Executed store_face_embedding in 0.1320 seconds
2024-11-09 15:32:06 - Stored embedding for Random from random.jpg
2024-11-09 15:32:06 - Executed store_face_embedding in 0.1821 seconds
2024-11-09 15:43:49 - Authentication completed for random.jpg with 1 matches and 0 non-matches.
2024-11-09 15:43:49 - Executed authenticate_face in 3.5521 seconds
2024-11-09 15:49:15 - Authentication completed for random.jpg with 1 matches and 0 non-matches.
2024-11-09 15:49:15 - Executed authenticate_face in 0.0299 seconds
2024-11-09 15:49:23 - Authentication completed for random.jpg with 1 matches and 0 non-matches.
2024-11-09 15:49:23 - Executed authenticate_face in 0.0435 seconds
2024-11-09 15:49:38 - Authentication completed for obama.jpg with 0 matches and 1 non-matches.
2024-11-09 15:49:38 - Executed authenticate_face in 3.7157 seconds
2024-11-09 15:49:45 - Authentication completed for obama.jpg with 0 matches and 1 non-matches.
2024-11-09 15:49:45 - Executed authenticate_face in 0.4019 seconds
2024-11-09 15:49:54 - Authentication completed for obama.jpg with 0 matches and 1 non-matches.
2024-11-09 15:49:54 - Executed authenticate_face in 1.3540 seconds
2024-11-09 15:55:53 - Authentication completed for random.jpg with 1 matches and 0 non-matches.
2024-11-09 15:55:53 - Executed authenticate_face in 0.0473 seconds
2024-11-09 16:14:35 - Authentication completed for random.jpg with 1 matches and 0 non-matches.
2024-11-09 16:14:35 - Executed authenticate_face in 0.0342 seconds
2024-11-09 16:15:58 - Authentication completed for random.jpg with 1 matches and 0 non-matches.
2024-11-09 16:15:58 - Executed authenticate_face in 0.0351 seconds
2024-11-09 16:23:41 - Authentication completed for random.jpg with 1 matches and 0 non-matches.
2024-11-09 16:23:41 - Executed authenticate_face in 0.0297 seconds
2024-11-09 16:41:43 - Executed authenticate_face in 0.0345 seconds
2024-11-09 16:46:44 - Executed authenticate_face in 0.0286 seconds
2024-11-09 16:49:08 - Executed authenticate_face in 0.3776 seconds
2024-11-09 17:14:34 - Executed authenticate_face in 0.0535 seconds
2024-11-09 17:15:21 - Executed authenticate_face in 0.3625 seconds
2024-11-09 17:23:22 - Executed authenticate_face in 0.0343 seconds
2024-11-09 17:26:51 - Executed authenticate_face in 2.6367 seconds
2024-11-09 17:27:47 - Executed authenticate_face in 0.0314 seconds
2024-11-09 17:31:56 - Executed authenticate_face in 0.0325 seconds
2024-11-09 17:33:59 - Executed authenticate_face in 0.0573 seconds
2024-11-09 17:34:24 - Executed authenticate_face in 0.0997 seconds
2024-11-09 17:35:37 - Executed authenticate_face in 0.0326 seconds
2024-11-09 17:36:20 - Executed authenticate_face in 0.3347 seconds
2024-11-09 17:37:04 - Executed authenticate_face in 0.0680 seconds
2024-11-09 17:40:47 - Executed authenticate_face in 0.0362 seconds
2024-11-09 18:03:02 - Stored embedding for Marco from Marco1.jpg
2024-11-09 18:03:02 - Executed store_face_embedding in 0.4204 seconds
2024-11-09 18:03:11 - Stored embedding for Marco from Marco2.jpg
2024-11-09 18:03:11 - Executed store_face_embedding in 0.3444 seconds
2024-11-09 18:03:22 - Error: Found 0 faces in Marco3.jpg, expected exactly one.
2024-11-09 18:03:22 - Executed store_face_embedding in 0.2897 seconds
2024-11-09 18:03:30 - Stored embedding for Obama from obama.jpg
2024-11-09 18:03:30 - Executed store_face_embedding in 0.8692 seconds
2024-11-21 15:58:23 - Stored embedding for random from ./images/random.jpg
2024-11-21 15:58:23 - Executed store_face_embedding in 0.0969 seconds
